{
  "RSpec": {
    "coverage": {
      "/Users/thomas_ross100/Projects/skills-workshops/week-4/bookmark_manager/spec/bookmark_spec.rb": [
        1,
        null,
        1,
        1,
        1,
        1,
        null,
        1,
        1,
        1,
        null,
        null,
        null
      ],
      "/Users/thomas_ross100/Projects/skills-workshops/week-4/bookmark_manager/lib/bookmark.rb": [
        1,
        null,
        1,
        2,
        null,
        null,
        null,
        null,
        null,
        null
      ],
      "/Users/thomas_ross100/Projects/skills-workshops/week-4/bookmark_manager/spec/feature/bookmarks_spec.rb": [
        1,
        1,
        1,
        1,
        1,
        1,
        null,
        null
      ],
      "/Users/thomas_ross100/Projects/skills-workshops/week-4/bookmark_manager/spec/feature/index_spec.rb": [
        null,
        null,
        1,
        1,
        1,
        1,
        null,
        null
      ]
    },
    "timestamp": 1568121112
  }
}
